<?xml version="1.0" encoding="UTF-8"?>
<robot generator="Robot 3.2.1 (Python 3.6.8 on win32)" generated="20200619 15:40:16.049" rpa="false">
<suite id="s1" name="RobotProject1" source="C:\Users\Admin\Desktop\Workspaces\eclipse_2020\RobotProject1">
<suite id="s1-s1" name="Test" source="C:\Users\Admin\Desktop\Workspaces\eclipse_2020\RobotProject1\test">
<suite id="s1-s1-s1" name="TestSuite1" source="C:\Users\Admin\Desktop\Workspaces\eclipse_2020\RobotProject1\test\TestSuite1.robot">
<kw name="Log" library="BuiltIn" type="setup">
<doc>Logs the given message with the given level.</doc>
<arguments>
<arg>I am inside the Test Suite Setup</arg>
</arguments>
<msg timestamp="20200619 15:40:17.200" level="INFO">I am inside the Test Suite Setup</msg>
<status status="PASS" starttime="20200619 15:40:17.199" endtime="20200619 15:40:17.201"></status>
</kw>
<test id="s1-s1-s1-t1" name="MyFirstTest">
<kw name="Log" library="BuiltIn" type="setup">
<doc>Logs the given message with the given level.</doc>
<arguments>
<arg>I am inside Test Setup</arg>
</arguments>
<msg timestamp="20200619 15:40:17.206" level="INFO">I am inside Test Setup</msg>
<status status="PASS" starttime="20200619 15:40:17.205" endtime="20200619 15:40:17.206"></status>
</kw>
<kw name="Log" library="BuiltIn">
<doc>Logs the given message with the given level.</doc>
<arguments>
<arg>Hello World...</arg>
</arguments>
<msg timestamp="20200619 15:40:17.208" level="INFO">Hello World...</msg>
<status status="PASS" starttime="20200619 15:40:17.207" endtime="20200619 15:40:17.208"></status>
</kw>
<kw name="Log" library="BuiltIn" type="teardown">
<doc>Logs the given message with the given level.</doc>
<arguments>
<arg>I am inside Test Teardown</arg>
</arguments>
<msg timestamp="20200619 15:40:17.210" level="INFO">I am inside Test Teardown</msg>
<status status="PASS" starttime="20200619 15:40:17.209" endtime="20200619 15:40:17.211"></status>
</kw>
<tags>
<tag>smoke</tag>
</tags>
<status status="PASS" starttime="20200619 15:40:17.202" endtime="20200619 15:40:17.212" critical="yes"></status>
</test>
<test id="s1-s1-s1-t2" name="MySecondTest">
<kw name="Log" library="BuiltIn" type="setup">
<doc>Logs the given message with the given level.</doc>
<arguments>
<arg>I am inside Test Setup</arg>
</arguments>
<msg timestamp="20200619 15:40:17.217" level="INFO">I am inside Test Setup</msg>
<status status="PASS" starttime="20200619 15:40:17.216" endtime="20200619 15:40:17.218"></status>
</kw>
<kw name="Log" library="BuiltIn">
<doc>Logs the given message with the given level.</doc>
<arguments>
<arg>I am in inside the second Test</arg>
</arguments>
<msg timestamp="20200619 15:40:17.220" level="INFO">I am in inside the second Test</msg>
<status status="PASS" starttime="20200619 15:40:17.219" endtime="20200619 15:40:17.221"></status>
</kw>
<kw name="Log" library="BuiltIn" type="teardown">
<doc>Logs the given message with the given level.</doc>
<arguments>
<arg>I am inside Test Teardown</arg>
</arguments>
<msg timestamp="20200619 15:40:17.224" level="INFO">I am inside Test Teardown</msg>
<status status="PASS" starttime="20200619 15:40:17.222" endtime="20200619 15:40:17.225"></status>
</kw>
<tags>
<tag>example</tag>
</tags>
<status status="PASS" starttime="20200619 15:40:17.214" endtime="20200619 15:40:17.226" critical="yes"></status>
</test>
<test id="s1-s1-s1-t3" name="MyThirdTest">
<kw name="Log" library="BuiltIn" type="setup">
<doc>Logs the given message with the given level.</doc>
<arguments>
<arg>I am inside Test Setup</arg>
</arguments>
<msg timestamp="20200619 15:40:17.231" level="INFO">I am inside Test Setup</msg>
<status status="PASS" starttime="20200619 15:40:17.230" endtime="20200619 15:40:17.231"></status>
</kw>
<kw name="Log" library="BuiltIn">
<doc>Logs the given message with the given level.</doc>
<arguments>
<arg>I am in the Third Test</arg>
</arguments>
<msg timestamp="20200619 15:40:17.233" level="INFO">I am in the Third Test</msg>
<status status="PASS" starttime="20200619 15:40:17.231" endtime="20200619 15:40:17.235"></status>
</kw>
<kw name="Log" library="BuiltIn" type="teardown">
<doc>Logs the given message with the given level.</doc>
<arguments>
<arg>I am inside Test Teardown</arg>
</arguments>
<msg timestamp="20200619 15:40:17.237" level="INFO">I am inside Test Teardown</msg>
<status status="PASS" starttime="20200619 15:40:17.236" endtime="20200619 15:40:17.238"></status>
</kw>
<tags>
<tag>sanity</tag>
</tags>
<status status="PASS" starttime="20200619 15:40:17.228" endtime="20200619 15:40:17.239" critical="yes"></status>
</test>
<test id="s1-s1-s1-t4" name="FirstSeleniumTest">
<kw name="Log" library="BuiltIn" type="setup">
<doc>Logs the given message with the given level.</doc>
<arguments>
<arg>I am inside Test Setup</arg>
</arguments>
<msg timestamp="20200619 15:40:17.242" level="INFO">I am inside Test Setup</msg>
<status status="PASS" starttime="20200619 15:40:17.241" endtime="20200619 15:40:17.242"></status>
</kw>
<kw name="Open Browser" library="SeleniumLibrary">
<doc>Opens a new browser instance to the optional ``url``.</doc>
<arguments>
<arg>https://google.com</arg>
<arg>chrome</arg>
</arguments>
<msg timestamp="20200619 15:40:17.244" level="INFO">Opening browser 'chrome' to base url 'https://google.com'.</msg>
<status status="PASS" starttime="20200619 15:40:17.243" endtime="20200619 15:40:24.037"></status>
</kw>
<kw name="Set Browser Implicit Wait" library="SeleniumLibrary">
<doc>Sets the implicit wait value used by Selenium.</doc>
<arguments>
<arg>5</arg>
</arguments>
<status status="PASS" starttime="20200619 15:40:24.038" endtime="20200619 15:40:24.041"></status>
</kw>
<kw name="Input Text" library="SeleniumLibrary">
<doc>Types the given ``text`` into the text field identified by ``locator``.</doc>
<arguments>
<arg>name=q</arg>
<arg>Automation step by step</arg>
</arguments>
<msg timestamp="20200619 15:40:24.043" level="INFO">Typing text 'Automation step by step' into text field 'name=q'.</msg>
<status status="PASS" starttime="20200619 15:40:24.042" endtime="20200619 15:40:24.572"></status>
</kw>
<kw name="Click Button" library="SeleniumLibrary">
<doc>Clicks the button identified by ``locator``.</doc>
<arguments>
<arg>name=btnK</arg>
</arguments>
<msg timestamp="20200619 15:40:24.574" level="INFO">Clicking button 'name=btnK'.</msg>
<status status="PASS" starttime="20200619 15:40:24.573" endtime="20200619 15:40:27.424"></status>
</kw>
<kw name="Sleep" library="BuiltIn">
<doc>Pauses the test executed for the given time.</doc>
<arguments>
<arg>2</arg>
</arguments>
<msg timestamp="20200619 15:40:29.428" level="INFO">Slept 2 seconds</msg>
<status status="PASS" starttime="20200619 15:40:27.425" endtime="20200619 15:40:29.428"></status>
</kw>
<kw name="Close Browser" library="SeleniumLibrary">
<doc>Closes the current browser.</doc>
<status status="PASS" starttime="20200619 15:40:29.429" endtime="20200619 15:40:31.719"></status>
</kw>
<kw name="Log" library="BuiltIn">
<doc>Logs the given message with the given level.</doc>
<arguments>
<arg>Test Completed</arg>
</arguments>
<msg timestamp="20200619 15:40:31.720" level="INFO">Test Completed</msg>
<status status="PASS" starttime="20200619 15:40:31.719" endtime="20200619 15:40:31.721"></status>
</kw>
<kw name="Log" library="BuiltIn" type="teardown">
<doc>Logs the given message with the given level.</doc>
<arguments>
<arg>I am inside Test Teardown</arg>
</arguments>
<msg timestamp="20200619 15:40:31.722" level="INFO">I am inside Test Teardown</msg>
<status status="PASS" starttime="20200619 15:40:31.721" endtime="20200619 15:40:31.722"></status>
</kw>
<tags>
<tag>sanity</tag>
</tags>
<status status="PASS" starttime="20200619 15:40:17.240" endtime="20200619 15:40:31.722" critical="yes"></status>
</test>
<test id="s1-s1-s1-t5" name="SampleLoginTest">
<kw name="Log" library="BuiltIn" type="setup">
<doc>Logs the given message with the given level.</doc>
<arguments>
<arg>I am inside Test Setup</arg>
</arguments>
<msg timestamp="20200619 15:40:31.726" level="INFO">I am inside Test Setup</msg>
<status status="PASS" starttime="20200619 15:40:31.726" endtime="20200619 15:40:31.727"></status>
</kw>
<kw name="Open Browser" library="SeleniumLibrary">
<doc>Opens a new browser instance to the optional ``url``.</doc>
<arguments>
<arg>${URL}</arg>
<arg>chrome</arg>
</arguments>
<msg timestamp="20200619 15:40:31.729" level="INFO">Opening browser 'chrome' to base url 'https://opensource-demo.orangehrmlive.com/'.</msg>
<status status="PASS" starttime="20200619 15:40:31.728" endtime="20200619 15:40:40.207"></status>
</kw>
<kw name="Set Browser Implicit Wait" library="SeleniumLibrary">
<doc>Sets the implicit wait value used by Selenium.</doc>
<arguments>
<arg>5</arg>
</arguments>
<status status="PASS" starttime="20200619 15:40:40.208" endtime="20200619 15:40:40.213"></status>
</kw>
<kw name="LoginKW">
<kw name="Input Text" library="SeleniumLibrary">
<doc>Types the given ``text`` into the text field identified by ``locator``.</doc>
<arguments>
<arg>id=txtUsername</arg>
<arg>${CREDENTIALS}</arg>
</arguments>
<msg timestamp="20200619 15:40:40.217" level="INFO">Typing text 'Admin' into text field 'id=txtUsername'.</msg>
<status status="PASS" starttime="20200619 15:40:40.215" endtime="20200619 15:40:40.383"></status>
</kw>
<kw name="Input Password" library="SeleniumLibrary">
<doc>Types the given password into the text field identified by ``locator``.</doc>
<arguments>
<arg>id=txtPassword</arg>
<arg>&amp;{LOGINDATA}[Password]</arg>
</arguments>
<msg timestamp="20200619 15:40:40.385" level="WARN">Accessing variable items using '&amp;{LOGINDATA}[Password]' syntax is deprecated. Use '${LOGINDATA}[Password]' instead.</msg>
<msg timestamp="20200619 15:40:40.386" level="INFO">Typing password into text field 'id=txtPassword'.</msg>
<msg timestamp="20200619 15:40:40.461" level="INFO">Temporally setting log level to: NONE</msg>
<msg timestamp="20200619 15:40:40.566" level="INFO">Log level changed from NONE to INFO.</msg>
<status status="PASS" starttime="20200619 15:40:40.384" endtime="20200619 15:40:40.567"></status>
</kw>
<kw name="Click Button" library="SeleniumLibrary">
<doc>Clicks the button identified by ``locator``.</doc>
<arguments>
<arg>id=btnLogin</arg>
</arguments>
<msg timestamp="20200619 15:40:40.568" level="INFO">Clicking button 'id=btnLogin'.</msg>
<status status="PASS" starttime="20200619 15:40:40.567" endtime="20200619 15:40:46.372"></status>
</kw>
<status status="PASS" starttime="20200619 15:40:40.214" endtime="20200619 15:40:46.373"></status>
</kw>
<kw name="Click Element" library="SeleniumLibrary">
<doc>Click the element identified by ``locator``.</doc>
<arguments>
<arg>id=welcome</arg>
</arguments>
<msg timestamp="20200619 15:40:46.375" level="INFO">Clicking element 'id=welcome'.</msg>
<status status="PASS" starttime="20200619 15:40:46.374" endtime="20200619 15:40:46.491"></status>
</kw>
<kw name="Click Element" library="SeleniumLibrary">
<doc>Click the element identified by ``locator``.</doc>
<arguments>
<arg>link=Logout</arg>
</arguments>
<msg timestamp="20200619 15:40:46.493" level="INFO">Clicking element 'link=Logout'.</msg>
<status status="PASS" starttime="20200619 15:40:46.492" endtime="20200619 15:40:48.297"></status>
</kw>
<kw name="Close Browser" library="SeleniumLibrary">
<doc>Closes the current browser.</doc>
<status status="PASS" starttime="20200619 15:40:48.298" endtime="20200619 15:40:50.682"></status>
</kw>
<kw name="Log" library="BuiltIn">
<doc>Logs the given message with the given level.</doc>
<arguments>
<arg>Test Completed</arg>
</arguments>
<msg timestamp="20200619 15:40:50.684" level="INFO">Test Completed</msg>
<status status="PASS" starttime="20200619 15:40:50.683" endtime="20200619 15:40:50.684"></status>
</kw>
<kw name="Log" library="BuiltIn">
<doc>Logs the given message with the given level.</doc>
<arguments>
<arg>This was executed by %{username} on %{os}</arg>
</arguments>
<msg timestamp="20200619 15:40:50.685" level="INFO">This was executed by Admin on Windows_NT</msg>
<status status="PASS" starttime="20200619 15:40:50.685" endtime="20200619 15:40:50.686"></status>
</kw>
<kw name="Log" library="BuiltIn" type="teardown">
<doc>Logs the given message with the given level.</doc>
<arguments>
<arg>I am inside Test Teardown</arg>
</arguments>
<msg timestamp="20200619 15:40:50.687" level="INFO">I am inside Test Teardown</msg>
<status status="PASS" starttime="20200619 15:40:50.686" endtime="20200619 15:40:50.687"></status>
</kw>
<doc>This is a sample login test</doc>
<tags>
<tag>sanity</tag>
</tags>
<status status="PASS" starttime="20200619 15:40:31.724" endtime="20200619 15:40:50.687" critical="yes"></status>
</test>
<kw name="Log" library="BuiltIn" type="teardown">
<doc>Logs the given message with the given level.</doc>
<arguments>
<arg>I am inside Test Suite Teardown</arg>
</arguments>
<msg timestamp="20200619 15:40:50.690" level="INFO">I am inside Test Suite Teardown</msg>
<status status="PASS" starttime="20200619 15:40:50.689" endtime="20200619 15:40:50.690"></status>
</kw>
<status status="PASS" starttime="20200619 15:40:16.745" endtime="20200619 15:40:50.690"></status>
</suite>
<status status="PASS" starttime="20200619 15:40:16.737" endtime="20200619 15:40:50.696"></status>
</suite>
<status status="PASS" starttime="20200619 15:40:16.687" endtime="20200619 15:40:50.703"></status>
</suite>
<statistics>
<total>
<stat pass="5" fail="0">Critical Tests</stat>
<stat pass="5" fail="0">All Tests</stat>
</total>
<tag>
<stat pass="1" fail="0">example</stat>
<stat pass="3" fail="0">sanity</stat>
<stat pass="1" fail="0">smoke</stat>
</tag>
<suite>
<stat pass="5" fail="0" id="s1" name="RobotProject1">RobotProject1</stat>
<stat pass="5" fail="0" id="s1-s1" name="Test">RobotProject1.Test</stat>
<stat pass="5" fail="0" id="s1-s1-s1" name="TestSuite1">RobotProject1.Test.TestSuite1</stat>
</suite>
</statistics>
<errors>
<msg timestamp="20200619 15:40:40.385" level="WARN">Accessing variable items using '&amp;{LOGINDATA}[Password]' syntax is deprecated. Use '${LOGINDATA}[Password]' instead.</msg>
</errors>
</robot>
